<?xml version="1.0" encoding="UTF-8"?>
<!-- Generated by org.testng.reporters.JUnitXMLReporter -->
<testsuite ignored="0" hostname="DESKTOP-MJ89AK5" failures="0" tests="3" name="AmazonTest" time="11.343" errors="0" timestamp="28 Feb 2023 15:55:54 GMT">
  <testcase classname="testngsessions.AmazonTest" name="SearchExistTest" time="0.452"/>
  <testcase classname="testngsessions.AmazonTest" name="isHelpExistTest" time="0.622"/>
  <testcase classname="testngsessions.AmazonTest" name="titleTest" time="0.021"/>
</testsuite> <!-- AmazonTest -->
