<?xml version="1.0" encoding="UTF-8"?>
<!-- Generated by org.testng.reporters.JUnitXMLReporter -->
<testsuite ignored="0" hostname="DESKTOP-MJ89AK5" failures="0" tests="3" name="Amazon Test" time="10.081" errors="0" timestamp="26 Feb 2023 12:44:16 GMT">
  <testcase classname="testngsessions.AmazonTest" name="SearchExistTest" time="0.391"/>
  <testcase classname="testngsessions.AmazonTest" name="isHelpExistTest" time="0.325"/>
  <testcase classname="testngsessions.AmazonTest" name="titleTest" time="0.01"/>
</testsuite> <!-- Amazon Test -->
