<?xml version="1.0" encoding="UTF-8"?>
<testng-results ignored="0" total="7" passed="7" failed="0" skipped="0">
  <reporter-output>
  </reporter-output>
  <suite started-at="2023-02-28T15:55:43Z" name="TestNG Regression Suite" finished-at="2023-02-28T15:55:58Z" duration-ms="15681">
    <groups>
    </groups>
    <test started-at="2023-02-28T15:55:43Z" name="GoogleTest" finished-at="2023-02-28T15:55:53Z" duration-ms="10402">
      <class name="testngsessions.GoogleTest">
        <test-method is-config="true" signature="setup(java.lang.String, java.lang.String)[pri:0, instance:testngsessions.GoogleTest@186f8716]" started-at="2023-02-28T15:55:43Z" name="setup" finished-at="2023-02-28T15:55:51Z" duration-ms="8643" status="PASS">
          <params>
            <param index="0">
              <value>
                <![CDATA[https://www.google.com]]>
              </value>
            </param>
            <param index="1">
              <value>
                <![CDATA[chrome]]>
              </value>
            </param>
          </params>
          <reporter-output>
          </reporter-output>
        </test-method> <!-- setup -->
        <test-method signature="titleTest()[pri:1, instance:testngsessions.GoogleTest@186f8716]" started-at="2023-02-28T15:55:51Z" name="titleTest" finished-at="2023-02-28T15:55:51Z" duration-ms="105" status="PASS">
          <reporter-output>
          </reporter-output>
        </test-method> <!-- titleTest -->
        <test-method signature="SearchExistTest()[pri:2, instance:testngsessions.GoogleTest@186f8716]" started-at="2023-02-28T15:55:51Z" name="SearchExistTest" finished-at="2023-02-28T15:55:52Z" duration-ms="246" status="PASS">
          <reporter-output>
          </reporter-output>
        </test-method> <!-- SearchExistTest -->
        <test-method is-config="true" signature="tearDown()[pri:0, instance:testngsessions.GoogleTest@186f8716]" started-at="2023-02-28T15:55:52Z" name="tearDown" finished-at="2023-02-28T15:55:53Z" duration-ms="1357" status="PASS">
          <reporter-output>
          </reporter-output>
        </test-method> <!-- tearDown -->
      </class> <!-- testngsessions.GoogleTest -->
    </test> <!-- GoogleTest -->
    <test started-at="2023-02-28T15:55:43Z" name="AmazonTest" finished-at="2023-02-28T15:55:54Z" duration-ms="11343">
      <class name="testngsessions.AmazonTest">
        <test-method is-config="true" signature="setup(java.lang.String, java.lang.String)[pri:0, instance:testngsessions.AmazonTest@e1de817]" started-at="2023-02-28T15:55:43Z" name="setup" finished-at="2023-02-28T15:55:52Z" duration-ms="9792" status="PASS">
          <params>
            <param index="0">
              <value>
                <![CDATA[https://www.amazon.com]]>
              </value>
            </param>
            <param index="1">
              <value>
                <![CDATA[chrome]]>
              </value>
            </param>
          </params>
          <reporter-output>
          </reporter-output>
        </test-method> <!-- setup -->
        <test-method signature="SearchExistTest()[pri:0, instance:testngsessions.AmazonTest@e1de817]" started-at="2023-02-28T15:55:52Z" name="SearchExistTest" finished-at="2023-02-28T15:55:53Z" duration-ms="452" status="PASS">
          <reporter-output>
          </reporter-output>
        </test-method> <!-- SearchExistTest -->
        <test-method signature="isHelpExistTest()[pri:0, instance:testngsessions.AmazonTest@e1de817]" started-at="2023-02-28T15:55:53Z" name="isHelpExistTest" finished-at="2023-02-28T15:55:53Z" duration-ms="622" status="PASS">
          <reporter-output>
          </reporter-output>
        </test-method> <!-- isHelpExistTest -->
        <test-method signature="titleTest()[pri:0, instance:testngsessions.AmazonTest@e1de817]" started-at="2023-02-28T15:55:53Z" name="titleTest" finished-at="2023-02-28T15:55:53Z" duration-ms="21" status="PASS">
          <reporter-output>
          </reporter-output>
        </test-method> <!-- titleTest -->
        <test-method is-config="true" signature="teardown()[pri:0, instance:testngsessions.AmazonTest@e1de817]" started-at="2023-02-28T15:55:53Z" name="teardown" finished-at="2023-02-28T15:55:54Z" duration-ms="434" status="PASS">
          <reporter-output>
          </reporter-output>
        </test-method> <!-- teardown -->
        <test-method is-config="true" signature="tearDown()[pri:0, instance:testngsessions.AmazonTest@e1de817]" started-at="2023-02-28T15:55:54Z" name="tearDown" finished-at="2023-02-28T15:55:54Z" depends-on-methods="testngsessions.AmazonTest.teardown" duration-ms="0" status="PASS">
          <reporter-output>
          </reporter-output>
        </test-method> <!-- tearDown -->
      </class> <!-- testngsessions.AmazonTest -->
    </test> <!-- AmazonTest -->
    <test started-at="2023-02-28T15:55:43Z" name="OpenCart " finished-at="2023-02-28T15:55:58Z" duration-ms="15681">
      <class name="testngsessions.OpenCart">
        <test-method is-config="true" signature="setup(java.lang.String, java.lang.String)[pri:0, instance:testngsessions.OpenCart@d6e7bab]" started-at="2023-02-28T15:55:43Z" name="setup" finished-at="2023-02-28T15:55:58Z" duration-ms="15333" status="PASS">
          <params>
            <param index="0">
              <value>
                <![CDATA[https://naveenautomationlabs.com/opencart/]]>
              </value>
            </param>
            <param index="1">
              <value>
                <![CDATA[chrome]]>
              </value>
            </param>
          </params>
          <reporter-output>
          </reporter-output>
        </test-method> <!-- setup -->
        <test-method signature="titleTest()[pri:1, instance:testngsessions.OpenCart@d6e7bab]" started-at="2023-02-28T15:55:58Z" name="titleTest" finished-at="2023-02-28T15:55:58Z" duration-ms="21" status="PASS">
          <reporter-output>
          </reporter-output>
        </test-method> <!-- titleTest -->
        <test-method signature="searchExistTest()[pri:2, instance:testngsessions.OpenCart@d6e7bab]" started-at="2023-02-28T15:55:58Z" name="searchExistTest" finished-at="2023-02-28T15:55:58Z" duration-ms="51" status="PASS">
          <reporter-output>
          </reporter-output>
        </test-method> <!-- searchExistTest -->
        <test-method is-config="true" signature="tearDown()[pri:0, instance:testngsessions.OpenCart@d6e7bab]" started-at="2023-02-28T15:55:58Z" name="tearDown" finished-at="2023-02-28T15:55:58Z" duration-ms="263" status="PASS">
          <reporter-output>
          </reporter-output>
        </test-method> <!-- tearDown -->
      </class> <!-- testngsessions.OpenCart -->
    </test> <!-- OpenCart  -->
  </suite> <!-- TestNG Regression Suite -->
</testng-results>
